<?xml version="1.0" encoding="UTF-8"?>
<testsuite name="com.dongoh.book.springboot.domain.posts.PostsRepositoryTest" tests="2" skipped="0" failures="0" errors="0" timestamp="2020-05-11T02:56:08" hostname="DESKTOP-USNMDQS" time="0.622">
  <properties/>
  <testcase name="게시글저장_불러오기" classname="com.dongoh.book.springboot.domain.posts.PostsRepositoryTest" time="0.595"/>
  <testcase name="BaseTimeEntity_등록" classname="com.dongoh.book.springboot.domain.posts.PostsRepositoryTest" time="0.026"/>
  <system-out><![CDATA[2020-05-11 11:55:56.549  INFO 6892 --- [    Test worker] .b.t.c.SpringBootTestContextBootstrapper : Neither @ContextConfiguration nor @ContextHierarchy found for test class [com.dongoh.book.springboot.domain.posts.PostsRepositoryTest], using SpringBootContextLoader
2020-05-11 11:55:56.552  INFO 6892 --- [    Test worker] o.s.t.c.support.AbstractContextLoader    : Could not detect default resource locations for test class [com.dongoh.book.springboot.domain.posts.PostsRepositoryTest]: no resource found for suffixes {-context.xml, Context.groovy}.
2020-05-11 11:55:56.553  INFO 6892 --- [    Test worker] t.c.s.AnnotationConfigContextLoaderUtils : Could not detect default configuration classes for test class [com.dongoh.book.springboot.domain.posts.PostsRepositoryTest]: PostsRepositoryTest does not declare any static, non-private, non-final, nested classes annotated with @Configuration.
2020-05-11 11:55:56.585  INFO 6892 --- [    Test worker] .b.t.c.SpringBootTestContextBootstrapper : Found @SpringBootConfiguration com.dongoh.book.springboot.Application for test class com.dongoh.book.springboot.domain.posts.PostsRepositoryTest
2020-05-11 11:55:56.591  INFO 6892 --- [    Test worker] .b.t.c.SpringBootTestContextBootstrapper : Loaded default TestExecutionListener class names from location [META-INF/spring.factories]: [org.springframework.security.test.context.support.WithSecurityContextTestExecutionListener, org.springframework.security.test.context.support.ReactorContextTestExecutionListener, org.springframework.boot.test.autoconfigure.restdocs.RestDocsTestExecutionListener, org.springframework.boot.test.autoconfigure.web.client.MockRestServiceServerResetTestExecutionListener, org.springframework.boot.test.autoconfigure.web.servlet.MockMvcPrintOnlyOnFailureTestExecutionListener, org.springframework.boot.test.autoconfigure.web.servlet.WebDriverTestExecutionListener, org.springframework.boot.test.mock.mockito.MockitoTestExecutionListener, org.springframework.boot.test.mock.mockito.ResetMocksTestExecutionListener, org.springframework.test.context.web.ServletTestExecutionListener, org.springframework.test.context.support.DirtiesContextBeforeModesTestExecutionListener, org.springframework.test.context.support.DependencyInjectionTestExecutionListener, org.springframework.test.context.support.DirtiesContextTestExecutionListener, org.springframework.test.context.transaction.TransactionalTestExecutionListener, org.springframework.test.context.jdbc.SqlScriptsTestExecutionListener]
2020-05-11 11:55:56.594  INFO 6892 --- [    Test worker] .b.t.c.SpringBootTestContextBootstrapper : Using TestExecutionListeners: [org.springframework.test.context.web.ServletTestExecutionListener@59a718ca, org.springframework.test.context.support.DirtiesContextBeforeModesTestExecutionListener@75920e4d, org.springframework.boot.test.mock.mockito.MockitoTestExecutionListener@372c72c5, org.springframework.boot.test.autoconfigure.SpringBootDependencyInjectionTestExecutionListener@19acd363, org.springframework.test.context.support.DirtiesContextTestExecutionListener@782cf9d4, org.springframework.test.context.transaction.TransactionalTestExecutionListener@1d2960fa, org.springframework.test.context.jdbc.SqlScriptsTestExecutionListener@494783c0, org.springframework.security.test.context.support.WithSecurityContextTestExecutionListener@360f6640, org.springframework.security.test.context.support.ReactorContextTestExecutionListener@2972cb0c, org.springframework.boot.test.autoconfigure.restdocs.RestDocsTestExecutionListener@7f0a5068, org.springframework.boot.test.autoconfigure.web.client.MockRestServiceServerResetTestExecutionListener@aa685ca, org.springframework.boot.test.autoconfigure.web.servlet.MockMvcPrintOnlyOnFailureTestExecutionListener@4756cfb8, org.springframework.boot.test.autoconfigure.web.servlet.WebDriverTestExecutionListener@78c346f5, org.springframework.boot.test.mock.mockito.ResetMocksTestExecutionListener@5567c095]

  .   ____          _            __ _ _
 /\\ / ___'_ __ _ _(_)_ __  __ _ \ \ \ \
( ( )\___ | '_ | '_| | '_ \/ _` | \ \ \ \
 \\/  ___)| |_)| | | | | || (_| |  ) ) ) )
  '  |____| .__|_| |_|_| |_\__, | / / / /
 =========|_|==============|___/=/_/_/_/
 :: Spring Boot ::        (v2.1.7.RELEASE)

2020-05-11 11:55:56.659  INFO 6892 --- [    Test worker] c.d.b.s.d.posts.PostsRepositoryTest      : Starting PostsRepositoryTest on DESKTOP-USNMDQS with PID 6892 (started by user in C:\Users\user\IdeaProjects\freelec-springboot2-webservice)
2020-05-11 11:55:56.660  INFO 6892 --- [    Test worker] c.d.b.s.d.posts.PostsRepositoryTest      : No active profile set, falling back to default profiles: default
2020-05-11 11:55:57.880  INFO 6892 --- [    Test worker] .s.d.r.c.RepositoryConfigurationDelegate : Bootstrapping Spring Data repositories in DEFAULT mode.
2020-05-11 11:55:58.055  INFO 6892 --- [    Test worker] .s.d.r.c.RepositoryConfigurationDelegate : Finished Spring Data repository scanning in 153ms. Found 2 repository interfaces.
2020-05-11 11:55:58.816  INFO 6892 --- [    Test worker] trationDelegate$BeanPostProcessorChecker : Bean 'org.springframework.transaction.annotation.ProxyTransactionManagementConfiguration' of type [org.springframework.transaction.annotation.ProxyTransactionManagementConfiguration$$EnhancerBySpringCGLIB$$5a28b43c] is not eligible for getting processed by all BeanPostProcessors (for example: not eligible for auto-proxying)
2020-05-11 11:55:59.317  INFO 6892 --- [    Test worker] com.zaxxer.hikari.HikariDataSource       : HikariPool-1 - Starting...
2020-05-11 11:55:59.789  INFO 6892 --- [    Test worker] com.zaxxer.hikari.HikariDataSource       : HikariPool-1 - Start completed.
2020-05-11 11:56:00.089  INFO 6892 --- [    Test worker] o.hibernate.jpa.internal.util.LogHelper  : HHH000204: Processing PersistenceUnitInfo [
	name: default
	...]
2020-05-11 11:56:00.386  INFO 6892 --- [    Test worker] org.hibernate.Version                    : HHH000412: Hibernate Core {5.3.10.Final}
2020-05-11 11:56:00.391  INFO 6892 --- [    Test worker] org.hibernate.cfg.Environment            : HHH000206: hibernate.properties not found
2020-05-11 11:56:00.594  INFO 6892 --- [    Test worker] o.hibernate.annotations.common.Version   : HCANN000001: Hibernate Commons Annotations {5.0.4.Final}
2020-05-11 11:56:01.110  INFO 6892 --- [    Test worker] org.hibernate.dialect.Dialect            : HHH000400: Using dialect: org.hibernate.dialect.MySQL5InnoDBDialect
Hibernate: drop table if exists posts
Hibernate: drop table if exists user
Hibernate: create table posts (id bigint not null auto_increment, created_date datetime, modified_date datetime, author varchar(255), content TEXT not null, title varchar(500) not null, primary key (id)) engine=InnoDB
Hibernate: create table user (id bigint not null auto_increment, created_date datetime, modified_date datetime, email varchar(255) not null, name varchar(255) not null, picture varchar(255), role varchar(255) not null, primary key (id)) engine=InnoDB
2020-05-11 11:56:03.524  INFO 6892 --- [    Test worker] o.h.t.schema.internal.SchemaCreatorImpl  : HHH000476: Executing import script 'org.hibernate.tool.schema.internal.exec.ScriptSourceInputNonExistentImpl@39c38937'
2020-05-11 11:56:03.533  INFO 6892 --- [    Test worker] j.LocalContainerEntityManagerFactoryBean : Initialized JPA EntityManagerFactory for persistence unit 'default'
2020-05-11 11:56:05.015  INFO 6892 --- [    Test worker] o.h.h.i.QueryTranslatorFactoryInitiator  : HHH000397: Using ASTQueryTranslatorFactory
2020-05-11 11:56:05.959  INFO 6892 --- [    Test worker] o.s.s.web.DefaultSecurityFilterChain     : Creating filter chain: any request, [org.springframework.security.web.context.request.async.WebAsyncManagerIntegrationFilter@543895a9, org.springframework.security.web.context.SecurityContextPersistenceFilter@4ccf7ec8, org.springframework.security.web.header.HeaderWriterFilter@7635b9b6, org.springframework.security.web.authentication.logout.LogoutFilter@1cfa695a, org.springframework.security.oauth2.client.web.OAuth2AuthorizationRequestRedirectFilter@7ac098e0, org.springframework.security.oauth2.client.web.OAuth2LoginAuthenticationFilter@6635d7cf, org.springframework.security.web.authentication.ui.DefaultLoginPageGeneratingFilter@2bf47bd2, org.springframework.security.web.authentication.ui.DefaultLogoutPageGeneratingFilter@153e7d5c, org.springframework.security.web.savedrequest.RequestCacheAwareFilter@229840e0, org.springframework.security.web.servletapi.SecurityContextHolderAwareRequestFilter@793bb50c, org.springframework.security.web.authentication.AnonymousAuthenticationFilter@5d7d5b9b, org.springframework.security.web.session.SessionManagementFilter@35bcf425, org.springframework.security.web.access.ExceptionTranslationFilter@98cf6bf, org.springframework.security.web.access.intercept.FilterSecurityInterceptor@75484a90]
2020-05-11 11:56:06.905  INFO 6892 --- [    Test worker] o.s.s.concurrent.ThreadPoolTaskExecutor  : Initializing ExecutorService 'applicationTaskExecutor'
2020-05-11 11:56:06.940  WARN 6892 --- [    Test worker] aWebConfiguration$JpaWebMvcConfiguration : spring.jpa.open-in-view is enabled by default. Therefore, database queries may be performed during view rendering. Explicitly configure spring.jpa.open-in-view to disable this warning
2020-05-11 11:56:07.022  INFO 6892 --- [    Test worker] o.s.b.a.w.s.WelcomePageHandlerMapping    : Adding welcome page template: index
2020-05-11 11:56:08.312  INFO 6892 --- [    Test worker] s.a.ScheduledAnnotationBeanPostProcessor : No TaskScheduler/ScheduledExecutorService bean found for scheduled processing
2020-05-11 11:56:08.334  INFO 6892 --- [    Test worker] c.d.b.s.d.posts.PostsRepositoryTest      : Started PostsRepositoryTest in 11.734 seconds (JVM running for 21.365)
Hibernate: insert into posts (created_date, modified_date, author, content, title) values (?, ?, ?, ?, ?)
Hibernate: insert into posts (created_date, modified_date, author, content, title) values (?, ?, ?, ?, ?)
Hibernate: insert into posts (created_date, modified_date, author, content, title) values (?, ?, ?, ?, ?)
Hibernate: insert into posts (created_date, modified_date, author, content, title) values (?, ?, ?, ?, ?)
Hibernate: insert into posts (created_date, modified_date, author, content, title) values (?, ?, ?, ?, ?)
Hibernate: insert into posts (created_date, modified_date, author, content, title) values (?, ?, ?, ?, ?)
Hibernate: insert into posts (created_date, modified_date, author, content, title) values (?, ?, ?, ?, ?)
Hibernate: insert into posts (created_date, modified_date, author, content, title) values (?, ?, ?, ?, ?)
Hibernate: insert into posts (created_date, modified_date, author, content, title) values (?, ?, ?, ?, ?)
Hibernate: insert into posts (created_date, modified_date, author, content, title) values (?, ?, ?, ?, ?)
Hibernate: select posts0_.id as id1_0_, posts0_.created_date as created_2_0_, posts0_.modified_date as modified3_0_, posts0_.author as author4_0_, posts0_.content as content5_0_, posts0_.title as title6_0_ from posts posts0_
Hibernate: select posts0_.id as id1_0_, posts0_.created_date as created_2_0_, posts0_.modified_date as modified3_0_, posts0_.author as author4_0_, posts0_.content as content5_0_, posts0_.title as title6_0_ from posts posts0_
Hibernate: delete from posts where id=?
Hibernate: delete from posts where id=?
Hibernate: delete from posts where id=?
Hibernate: delete from posts where id=?
Hibernate: delete from posts where id=?
Hibernate: delete from posts where id=?
Hibernate: delete from posts where id=?
Hibernate: delete from posts where id=?
Hibernate: delete from posts where id=?
Hibernate: delete from posts where id=?
Hibernate: insert into posts (created_date, modified_date, author, content, title) values (?, ?, ?, ?, ?)
Hibernate: select posts0_.id as id1_0_, posts0_.created_date as created_2_0_, posts0_.modified_date as modified3_0_, posts0_.author as author4_0_, posts0_.content as content5_0_, posts0_.title as title6_0_ from posts posts0_
>>>>>>>> createDate=2020-05-11T11:56:08.948, modifiedDate=2020-05-11T11:56:08.948
Hibernate: select posts0_.id as id1_0_, posts0_.created_date as created_2_0_, posts0_.modified_date as modified3_0_, posts0_.author as author4_0_, posts0_.content as content5_0_, posts0_.title as title6_0_ from posts posts0_
Hibernate: delete from posts where id=?
]]></system-out>
  <system-err><![CDATA[]]></system-err>
</testsuite>
