<?xml version="1.0" encoding="UTF-8"?>
<testsuite name="com.dongoh.book.springboot.web.PostsApiControllerTest" tests="2" skipped="0" failures="0" errors="0" timestamp="2020-05-11T05:41:55" hostname="DESKTOP-USNMDQS" time="0.145">
  <properties/>
  <testcase name="Posts_등록된다" classname="com.dongoh.book.springboot.web.PostsApiControllerTest" time="0.102"/>
  <testcase name="Posts_수정된다" classname="com.dongoh.book.springboot.web.PostsApiControllerTest" time="0.042"/>
  <system-out><![CDATA[2020-05-11 14:41:55.552  INFO 3984 --- [    Test worker] .b.t.c.SpringBootTestContextBootstrapper : Neither @ContextConfiguration nor @ContextHierarchy found for test class [com.dongoh.book.springboot.web.PostsApiControllerTest], using SpringBootContextLoader
2020-05-11 14:41:55.553  INFO 3984 --- [    Test worker] o.s.t.c.support.AbstractContextLoader    : Could not detect default resource locations for test class [com.dongoh.book.springboot.web.PostsApiControllerTest]: no resource found for suffixes {-context.xml, Context.groovy}.
2020-05-11 14:41:55.553  INFO 3984 --- [    Test worker] t.c.s.AnnotationConfigContextLoaderUtils : Could not detect default configuration classes for test class [com.dongoh.book.springboot.web.PostsApiControllerTest]: PostsApiControllerTest does not declare any static, non-private, non-final, nested classes annotated with @Configuration.
2020-05-11 14:41:55.556  INFO 3984 --- [    Test worker] .b.t.c.SpringBootTestContextBootstrapper : Found @SpringBootConfiguration com.dongoh.book.springboot.Application for test class com.dongoh.book.springboot.web.PostsApiControllerTest
2020-05-11 14:41:55.559  INFO 3984 --- [    Test worker] .b.t.c.SpringBootTestContextBootstrapper : Loaded default TestExecutionListener class names from location [META-INF/spring.factories]: [org.springframework.security.test.context.support.WithSecurityContextTestExecutionListener, org.springframework.security.test.context.support.ReactorContextTestExecutionListener, org.springframework.boot.test.autoconfigure.restdocs.RestDocsTestExecutionListener, org.springframework.boot.test.autoconfigure.web.client.MockRestServiceServerResetTestExecutionListener, org.springframework.boot.test.autoconfigure.web.servlet.MockMvcPrintOnlyOnFailureTestExecutionListener, org.springframework.boot.test.autoconfigure.web.servlet.WebDriverTestExecutionListener, org.springframework.boot.test.mock.mockito.MockitoTestExecutionListener, org.springframework.boot.test.mock.mockito.ResetMocksTestExecutionListener, org.springframework.test.context.web.ServletTestExecutionListener, org.springframework.test.context.support.DirtiesContextBeforeModesTestExecutionListener, org.springframework.test.context.support.DependencyInjectionTestExecutionListener, org.springframework.test.context.support.DirtiesContextTestExecutionListener, org.springframework.test.context.transaction.TransactionalTestExecutionListener, org.springframework.test.context.jdbc.SqlScriptsTestExecutionListener]
2020-05-11 14:41:55.560  INFO 3984 --- [    Test worker] .b.t.c.SpringBootTestContextBootstrapper : Using TestExecutionListeners: [org.springframework.test.context.web.ServletTestExecutionListener@3fbbd6b2, org.springframework.test.context.support.DirtiesContextBeforeModesTestExecutionListener@77aa8bc3, org.springframework.boot.test.mock.mockito.MockitoTestExecutionListener@301b4a56, org.springframework.boot.test.autoconfigure.SpringBootDependencyInjectionTestExecutionListener@55717da2, org.springframework.test.context.support.DirtiesContextTestExecutionListener@349e2ff8, org.springframework.test.context.transaction.TransactionalTestExecutionListener@17494e3b, org.springframework.test.context.jdbc.SqlScriptsTestExecutionListener@7deaff7e, org.springframework.security.test.context.support.WithSecurityContextTestExecutionListener@2328110c, org.springframework.security.test.context.support.ReactorContextTestExecutionListener@660c0b7e, org.springframework.boot.test.autoconfigure.restdocs.RestDocsTestExecutionListener@3b69a912, org.springframework.boot.test.autoconfigure.web.client.MockRestServiceServerResetTestExecutionListener@11d2b00e, org.springframework.boot.test.autoconfigure.web.servlet.MockMvcPrintOnlyOnFailureTestExecutionListener@72917349, org.springframework.boot.test.autoconfigure.web.servlet.WebDriverTestExecutionListener@74c0d19e, org.springframework.boot.test.mock.mockito.ResetMocksTestExecutionListener@297c72d]
2020-05-11 14:41:55.576  INFO 3984 --- [    Test worker] o.a.c.c.C.[Tomcat].[localhost].[/]       : Initializing Spring TestDispatcherServlet ''
2020-05-11 14:41:55.577  INFO 3984 --- [    Test worker] o.s.t.web.servlet.TestDispatcherServlet  : Initializing Servlet ''
2020-05-11 14:41:55.582  INFO 3984 --- [    Test worker] o.s.t.web.servlet.TestDispatcherServlet  : Completed initialization in 5 ms
Hibernate: insert into posts (created_date, modified_date, author, content, title) values (?, ?, ?, ?, ?)
Hibernate: select posts0_.id as id1_0_, posts0_.created_date as created_2_0_, posts0_.modified_date as modified3_0_, posts0_.author as author4_0_, posts0_.content as content5_0_, posts0_.title as title6_0_ from posts posts0_
Hibernate: select posts0_.id as id1_0_, posts0_.created_date as created_2_0_, posts0_.modified_date as modified3_0_, posts0_.author as author4_0_, posts0_.content as content5_0_, posts0_.title as title6_0_ from posts posts0_
Hibernate: delete from posts where id=?
2020-05-11 14:41:55.672  INFO 3984 --- [    Test worker] o.a.c.c.C.[Tomcat].[localhost].[/]       : Initializing Spring TestDispatcherServlet ''
2020-05-11 14:41:55.672  INFO 3984 --- [    Test worker] o.s.t.web.servlet.TestDispatcherServlet  : Initializing Servlet ''
2020-05-11 14:41:55.675  INFO 3984 --- [    Test worker] o.s.t.web.servlet.TestDispatcherServlet  : Completed initialization in 3 ms
Hibernate: insert into posts (created_date, modified_date, author, content, title) values (?, ?, ?, ?, ?)
Hibernate: select posts0_.id as id1_0_0_, posts0_.created_date as created_2_0_0_, posts0_.modified_date as modified3_0_0_, posts0_.author as author4_0_0_, posts0_.content as content5_0_0_, posts0_.title as title6_0_0_ from posts posts0_ where posts0_.id=?
Hibernate: update posts set created_date=?, modified_date=?, author=?, content=?, title=? where id=?
Hibernate: select posts0_.id as id1_0_, posts0_.created_date as created_2_0_, posts0_.modified_date as modified3_0_, posts0_.author as author4_0_, posts0_.content as content5_0_, posts0_.title as title6_0_ from posts posts0_
Hibernate: select posts0_.id as id1_0_, posts0_.created_date as created_2_0_, posts0_.modified_date as modified3_0_, posts0_.author as author4_0_, posts0_.content as content5_0_, posts0_.title as title6_0_ from posts posts0_
Hibernate: delete from posts where id=?
]]></system-out>
  <system-err><![CDATA[]]></system-err>
</testsuite>
