<?xml version="1.0" encoding="UTF-8"?>
<testsuite name="com.dongoh.book.springboot.web.HelloControllerTest" tests="2" skipped="0" failures="0" errors="0" timestamp="2020-05-11T03:14:00" hostname="DESKTOP-USNMDQS" time="0.429">
  <properties/>
  <testcase name="hello가_리턴된다" classname="com.dongoh.book.springboot.web.HelloControllerTest" time="0.187"/>
  <testcase name="helloDto가_리턴된다" classname="com.dongoh.book.springboot.web.HelloControllerTest" time="0.24"/>
  <system-out><![CDATA[2020-05-11 12:13:57.779  INFO 13076 --- [    Test worker] .b.t.a.w.s.WebMvcTestContextBootstrapper : Neither @ContextConfiguration nor @ContextHierarchy found for test class [com.dongoh.book.springboot.web.HelloControllerTest], using SpringBootContextLoader
2020-05-11 12:13:57.781  INFO 13076 --- [    Test worker] o.s.t.c.support.AbstractContextLoader    : Could not detect default resource locations for test class [com.dongoh.book.springboot.web.HelloControllerTest]: no resource found for suffixes {-context.xml, Context.groovy}.
2020-05-11 12:13:57.782  INFO 13076 --- [    Test worker] t.c.s.AnnotationConfigContextLoaderUtils : Could not detect default configuration classes for test class [com.dongoh.book.springboot.web.HelloControllerTest]: HelloControllerTest does not declare any static, non-private, non-final, nested classes annotated with @Configuration.
2020-05-11 12:13:57.846  INFO 13076 --- [    Test worker] .b.t.c.SpringBootTestContextBootstrapper : Found @SpringBootConfiguration com.dongoh.book.springboot.Application for test class com.dongoh.book.springboot.web.HelloControllerTest
2020-05-11 12:13:57.848  INFO 13076 --- [    Test worker] .b.t.a.w.s.WebMvcTestContextBootstrapper : Loaded default TestExecutionListener class names from location [META-INF/spring.factories]: [org.springframework.security.test.context.support.WithSecurityContextTestExecutionListener, org.springframework.security.test.context.support.ReactorContextTestExecutionListener, org.springframework.boot.test.autoconfigure.restdocs.RestDocsTestExecutionListener, org.springframework.boot.test.autoconfigure.web.client.MockRestServiceServerResetTestExecutionListener, org.springframework.boot.test.autoconfigure.web.servlet.MockMvcPrintOnlyOnFailureTestExecutionListener, org.springframework.boot.test.autoconfigure.web.servlet.WebDriverTestExecutionListener, org.springframework.boot.test.mock.mockito.MockitoTestExecutionListener, org.springframework.boot.test.mock.mockito.ResetMocksTestExecutionListener, org.springframework.test.context.web.ServletTestExecutionListener, org.springframework.test.context.support.DirtiesContextBeforeModesTestExecutionListener, org.springframework.test.context.support.DependencyInjectionTestExecutionListener, org.springframework.test.context.support.DirtiesContextTestExecutionListener, org.springframework.test.context.transaction.TransactionalTestExecutionListener, org.springframework.test.context.jdbc.SqlScriptsTestExecutionListener]
2020-05-11 12:13:57.851  INFO 13076 --- [    Test worker] .b.t.a.w.s.WebMvcTestContextBootstrapper : Using TestExecutionListeners: [org.springframework.test.context.web.ServletTestExecutionListener@204fa702, org.springframework.test.context.support.DirtiesContextBeforeModesTestExecutionListener@699339b6, org.springframework.boot.test.mock.mockito.MockitoTestExecutionListener@2b675fd5, org.springframework.boot.test.autoconfigure.SpringBootDependencyInjectionTestExecutionListener@6d6c0b9f, org.springframework.test.context.support.DirtiesContextTestExecutionListener@30c6d687, org.springframework.test.context.transaction.TransactionalTestExecutionListener@40e807a0, org.springframework.test.context.jdbc.SqlScriptsTestExecutionListener@5160619f, org.springframework.security.test.context.support.WithSecurityContextTestExecutionListener@5cdda8df, org.springframework.security.test.context.support.ReactorContextTestExecutionListener@5aa92f2d, org.springframework.boot.test.autoconfigure.restdocs.RestDocsTestExecutionListener@5a7ce6df, org.springframework.boot.test.autoconfigure.web.client.MockRestServiceServerResetTestExecutionListener@8420896, org.springframework.boot.test.autoconfigure.web.servlet.MockMvcPrintOnlyOnFailureTestExecutionListener@39e8d211, org.springframework.boot.test.autoconfigure.web.servlet.WebDriverTestExecutionListener@2aab5246, org.springframework.boot.test.mock.mockito.ResetMocksTestExecutionListener@17dc03d2]

  .   ____          _            __ _ _
 /\\ / ___'_ __ _ _(_)_ __  __ _ \ \ \ \
( ( )\___ | '_ | '_| | '_ \/ _` | \ \ \ \
 \\/  ___)| |_)| | | | | || (_| |  ) ) ) )
  '  |____| .__|_| |_|_| |_\__, | / / / /
 =========|_|==============|___/=/_/_/_/
 :: Spring Boot ::        (v2.1.7.RELEASE)

2020-05-11 12:13:57.936  INFO 13076 --- [    Test worker] c.d.b.s.web.HelloControllerTest          : Starting HelloControllerTest on DESKTOP-USNMDQS with PID 13076 (started by user in C:\Users\user\IdeaProjects\freelec-springboot2-webservice)
2020-05-11 12:13:57.938  INFO 13076 --- [    Test worker] c.d.b.s.web.HelloControllerTest          : No active profile set, falling back to default profiles: default
2020-05-11 12:13:59.323  INFO 13076 --- [    Test worker] o.s.s.concurrent.ThreadPoolTaskExecutor  : Initializing ExecutorService 'applicationTaskExecutor'
2020-05-11 12:13:59.423  INFO 13076 --- [    Test worker] o.s.b.a.w.s.WelcomePageHandlerMapping    : Adding welcome page template: index
2020-05-11 12:14:00.025  INFO 13076 --- [    Test worker] .s.s.UserDetailsServiceAutoConfiguration : 

Using generated security password: 1b9586aa-c13b-47fd-ac37-5b2ed5113ae9

2020-05-11 12:14:00.390  INFO 13076 --- [    Test worker] o.s.s.web.DefaultSecurityFilterChain     : Creating filter chain: any request, [org.springframework.security.web.context.request.async.WebAsyncManagerIntegrationFilter@5155258e, org.springframework.security.web.context.SecurityContextPersistenceFilter@6591a10, org.springframework.security.web.header.HeaderWriterFilter@1ff09c32, org.springframework.security.web.csrf.CsrfFilter@2918c60f, org.springframework.security.web.authentication.logout.LogoutFilter@39b02921, org.springframework.security.web.authentication.UsernamePasswordAuthenticationFilter@1de337f7, org.springframework.security.web.authentication.ui.DefaultLoginPageGeneratingFilter@3cb04ab1, org.springframework.security.web.authentication.ui.DefaultLogoutPageGeneratingFilter@11005c4a, org.springframework.security.web.authentication.www.BasicAuthenticationFilter@6dfdf844, org.springframework.security.web.savedrequest.RequestCacheAwareFilter@6f8ed962, org.springframework.security.web.servletapi.SecurityContextHolderAwareRequestFilter@7484d9ad, org.springframework.security.web.authentication.AnonymousAuthenticationFilter@13bdb9f6, org.springframework.security.web.session.SessionManagementFilter@70b7197d, org.springframework.security.web.access.ExceptionTranslationFilter@4fd4dd44, org.springframework.security.web.access.intercept.FilterSecurityInterceptor@429c26e9]
2020-05-11 12:14:00.490  INFO 13076 --- [    Test worker] o.s.b.t.m.w.SpringBootMockServletContext : Initializing Spring TestDispatcherServlet ''
2020-05-11 12:14:00.490  INFO 13076 --- [    Test worker] o.s.t.web.servlet.TestDispatcherServlet  : Initializing Servlet ''
2020-05-11 12:14:00.530  INFO 13076 --- [    Test worker] o.s.t.web.servlet.TestDispatcherServlet  : Completed initialization in 39 ms
2020-05-11 12:14:00.615  INFO 13076 --- [    Test worker] c.d.b.s.web.HelloControllerTest          : Started HelloControllerTest in 2.757 seconds (JVM running for 22.052)
]]></system-out>
  <system-err><![CDATA[]]></system-err>
</testsuite>
