<?xml version="1.0" encoding="UTF-8"?>
<testsuite name="com.dongoh.book.springboot.web.PostsApiControllerTest" tests="2" skipped="0" failures="0" errors="0" timestamp="2020-05-11T03:14:08" hostname="DESKTOP-USNMDQS" time="0.356">
  <properties/>
  <testcase name="Posts_등록된다" classname="com.dongoh.book.springboot.web.PostsApiControllerTest" time="0.256"/>
  <testcase name="Posts_수정된다" classname="com.dongoh.book.springboot.web.PostsApiControllerTest" time="0.098"/>
  <system-out><![CDATA[2020-05-11 12:14:08.241  INFO 13076 --- [    Test worker] .b.t.c.SpringBootTestContextBootstrapper : Neither @ContextConfiguration nor @ContextHierarchy found for test class [com.dongoh.book.springboot.web.PostsApiControllerTest], using SpringBootContextLoader
2020-05-11 12:14:08.246  INFO 13076 --- [    Test worker] o.s.t.c.support.AbstractContextLoader    : Could not detect default resource locations for test class [com.dongoh.book.springboot.web.PostsApiControllerTest]: no resource found for suffixes {-context.xml, Context.groovy}.
2020-05-11 12:14:08.247  INFO 13076 --- [    Test worker] t.c.s.AnnotationConfigContextLoaderUtils : Could not detect default configuration classes for test class [com.dongoh.book.springboot.web.PostsApiControllerTest]: PostsApiControllerTest does not declare any static, non-private, non-final, nested classes annotated with @Configuration.
2020-05-11 12:14:08.254  INFO 13076 --- [    Test worker] .b.t.c.SpringBootTestContextBootstrapper : Found @SpringBootConfiguration com.dongoh.book.springboot.Application for test class com.dongoh.book.springboot.web.PostsApiControllerTest
2020-05-11 12:14:08.261  INFO 13076 --- [    Test worker] .b.t.c.SpringBootTestContextBootstrapper : Loaded default TestExecutionListener class names from location [META-INF/spring.factories]: [org.springframework.security.test.context.support.WithSecurityContextTestExecutionListener, org.springframework.security.test.context.support.ReactorContextTestExecutionListener, org.springframework.boot.test.autoconfigure.restdocs.RestDocsTestExecutionListener, org.springframework.boot.test.autoconfigure.web.client.MockRestServiceServerResetTestExecutionListener, org.springframework.boot.test.autoconfigure.web.servlet.MockMvcPrintOnlyOnFailureTestExecutionListener, org.springframework.boot.test.autoconfigure.web.servlet.WebDriverTestExecutionListener, org.springframework.boot.test.mock.mockito.MockitoTestExecutionListener, org.springframework.boot.test.mock.mockito.ResetMocksTestExecutionListener, org.springframework.test.context.web.ServletTestExecutionListener, org.springframework.test.context.support.DirtiesContextBeforeModesTestExecutionListener, org.springframework.test.context.support.DependencyInjectionTestExecutionListener, org.springframework.test.context.support.DirtiesContextTestExecutionListener, org.springframework.test.context.transaction.TransactionalTestExecutionListener, org.springframework.test.context.jdbc.SqlScriptsTestExecutionListener]
2020-05-11 12:14:08.267  INFO 13076 --- [    Test worker] .b.t.c.SpringBootTestContextBootstrapper : Using TestExecutionListeners: [org.springframework.test.context.web.ServletTestExecutionListener@478ad69c, org.springframework.test.context.support.DirtiesContextBeforeModesTestExecutionListener@5576c989, org.springframework.boot.test.mock.mockito.MockitoTestExecutionListener@472fe105, org.springframework.boot.test.autoconfigure.SpringBootDependencyInjectionTestExecutionListener@40442016, org.springframework.test.context.support.DirtiesContextTestExecutionListener@51eb30b4, org.springframework.test.context.transaction.TransactionalTestExecutionListener@32b28181, org.springframework.test.context.jdbc.SqlScriptsTestExecutionListener@a2d691b, org.springframework.security.test.context.support.WithSecurityContextTestExecutionListener@6b88acd8, org.springframework.security.test.context.support.ReactorContextTestExecutionListener@63ee5f8d, org.springframework.boot.test.autoconfigure.restdocs.RestDocsTestExecutionListener@45f664f8, org.springframework.boot.test.autoconfigure.web.client.MockRestServiceServerResetTestExecutionListener@2472a8ec, org.springframework.boot.test.autoconfigure.web.servlet.MockMvcPrintOnlyOnFailureTestExecutionListener@ab22ed6, org.springframework.boot.test.autoconfigure.web.servlet.WebDriverTestExecutionListener@1bb10a3a, org.springframework.boot.test.mock.mockito.ResetMocksTestExecutionListener@6d167c10]
2020-05-11 12:14:08.307  INFO 13076 --- [    Test worker] o.a.c.c.C.[Tomcat].[localhost].[/]       : Initializing Spring TestDispatcherServlet ''
2020-05-11 12:14:08.307  INFO 13076 --- [    Test worker] o.s.t.web.servlet.TestDispatcherServlet  : Initializing Servlet ''
2020-05-11 12:14:08.314  INFO 13076 --- [    Test worker] o.s.t.web.servlet.TestDispatcherServlet  : Completed initialization in 6 ms
Hibernate: insert into posts (created_date, modified_date, author, content, title) values (?, ?, ?, ?, ?)
Hibernate: select posts0_.id as id1_0_, posts0_.created_date as created_2_0_, posts0_.modified_date as modified3_0_, posts0_.author as author4_0_, posts0_.content as content5_0_, posts0_.title as title6_0_ from posts posts0_
Hibernate: select posts0_.id as id1_0_, posts0_.created_date as created_2_0_, posts0_.modified_date as modified3_0_, posts0_.author as author4_0_, posts0_.content as content5_0_, posts0_.title as title6_0_ from posts posts0_
Hibernate: delete from posts where id=?
2020-05-11 12:14:08.555  INFO 13076 --- [    Test worker] o.a.c.c.C.[Tomcat].[localhost].[/]       : Initializing Spring TestDispatcherServlet ''
2020-05-11 12:14:08.555  INFO 13076 --- [    Test worker] o.s.t.web.servlet.TestDispatcherServlet  : Initializing Servlet ''
2020-05-11 12:14:08.561  INFO 13076 --- [    Test worker] o.s.t.web.servlet.TestDispatcherServlet  : Completed initialization in 6 ms
Hibernate: insert into posts (created_date, modified_date, author, content, title) values (?, ?, ?, ?, ?)
Hibernate: select posts0_.id as id1_0_0_, posts0_.created_date as created_2_0_0_, posts0_.modified_date as modified3_0_0_, posts0_.author as author4_0_0_, posts0_.content as content5_0_0_, posts0_.title as title6_0_0_ from posts posts0_ where posts0_.id=?
Hibernate: update posts set created_date=?, modified_date=?, author=?, content=?, title=? where id=?
Hibernate: select posts0_.id as id1_0_, posts0_.created_date as created_2_0_, posts0_.modified_date as modified3_0_, posts0_.author as author4_0_, posts0_.content as content5_0_, posts0_.title as title6_0_ from posts posts0_
Hibernate: select posts0_.id as id1_0_, posts0_.created_date as created_2_0_, posts0_.modified_date as modified3_0_, posts0_.author as author4_0_, posts0_.content as content5_0_, posts0_.title as title6_0_ from posts posts0_
Hibernate: delete from posts where id=?
]]></system-out>
  <system-err><![CDATA[]]></system-err>
</testsuite>
