<?xml version="1.0" encoding="UTF-8"?>
<testsuite name="com.dongoh.book.springboot.web.HelloControllerTest" tests="2" skipped="0" failures="0" errors="0" timestamp="2020-05-11T05:41:51" hostname="DESKTOP-USNMDQS" time="0.264">
  <properties/>
  <testcase name="hello가_리턴된다" classname="com.dongoh.book.springboot.web.HelloControllerTest" time="0.114"/>
  <testcase name="helloDto가_리턴된다" classname="com.dongoh.book.springboot.web.HelloControllerTest" time="0.149"/>
  <system-out><![CDATA[2020-05-11 14:41:49.948  INFO 3984 --- [    Test worker] .b.t.a.w.s.WebMvcTestContextBootstrapper : Neither @ContextConfiguration nor @ContextHierarchy found for test class [com.dongoh.book.springboot.web.HelloControllerTest], using SpringBootContextLoader
2020-05-11 14:41:49.950  INFO 3984 --- [    Test worker] o.s.t.c.support.AbstractContextLoader    : Could not detect default resource locations for test class [com.dongoh.book.springboot.web.HelloControllerTest]: no resource found for suffixes {-context.xml, Context.groovy}.
2020-05-11 14:41:49.950  INFO 3984 --- [    Test worker] t.c.s.AnnotationConfigContextLoaderUtils : Could not detect default configuration classes for test class [com.dongoh.book.springboot.web.HelloControllerTest]: HelloControllerTest does not declare any static, non-private, non-final, nested classes annotated with @Configuration.
2020-05-11 14:41:49.992  INFO 3984 --- [    Test worker] .b.t.c.SpringBootTestContextBootstrapper : Found @SpringBootConfiguration com.dongoh.book.springboot.Application for test class com.dongoh.book.springboot.web.HelloControllerTest
2020-05-11 14:41:49.993  INFO 3984 --- [    Test worker] .b.t.a.w.s.WebMvcTestContextBootstrapper : Loaded default TestExecutionListener class names from location [META-INF/spring.factories]: [org.springframework.security.test.context.support.WithSecurityContextTestExecutionListener, org.springframework.security.test.context.support.ReactorContextTestExecutionListener, org.springframework.boot.test.autoconfigure.restdocs.RestDocsTestExecutionListener, org.springframework.boot.test.autoconfigure.web.client.MockRestServiceServerResetTestExecutionListener, org.springframework.boot.test.autoconfigure.web.servlet.MockMvcPrintOnlyOnFailureTestExecutionListener, org.springframework.boot.test.autoconfigure.web.servlet.WebDriverTestExecutionListener, org.springframework.boot.test.mock.mockito.MockitoTestExecutionListener, org.springframework.boot.test.mock.mockito.ResetMocksTestExecutionListener, org.springframework.test.context.web.ServletTestExecutionListener, org.springframework.test.context.support.DirtiesContextBeforeModesTestExecutionListener, org.springframework.test.context.support.DependencyInjectionTestExecutionListener, org.springframework.test.context.support.DirtiesContextTestExecutionListener, org.springframework.test.context.transaction.TransactionalTestExecutionListener, org.springframework.test.context.jdbc.SqlScriptsTestExecutionListener]
2020-05-11 14:41:49.995  INFO 3984 --- [    Test worker] .b.t.a.w.s.WebMvcTestContextBootstrapper : Using TestExecutionListeners: [org.springframework.test.context.web.ServletTestExecutionListener@4187c480, org.springframework.test.context.support.DirtiesContextBeforeModesTestExecutionListener@2f41dd04, org.springframework.boot.test.mock.mockito.MockitoTestExecutionListener@592cb212, org.springframework.boot.test.autoconfigure.SpringBootDependencyInjectionTestExecutionListener@5bbb8419, org.springframework.test.context.support.DirtiesContextTestExecutionListener@2467e82a, org.springframework.test.context.transaction.TransactionalTestExecutionListener@56fb85f, org.springframework.test.context.jdbc.SqlScriptsTestExecutionListener@39ef36c2, org.springframework.security.test.context.support.WithSecurityContextTestExecutionListener@3ef3f6aa, org.springframework.security.test.context.support.ReactorContextTestExecutionListener@25ce6fe6, org.springframework.boot.test.autoconfigure.restdocs.RestDocsTestExecutionListener@5d9b8640, org.springframework.boot.test.autoconfigure.web.client.MockRestServiceServerResetTestExecutionListener@1d02e217, org.springframework.boot.test.autoconfigure.web.servlet.MockMvcPrintOnlyOnFailureTestExecutionListener@3ce501bb, org.springframework.boot.test.autoconfigure.web.servlet.WebDriverTestExecutionListener@6a02f89e, org.springframework.boot.test.mock.mockito.ResetMocksTestExecutionListener@6baaca18]

  .   ____          _            __ _ _
 /\\ / ___'_ __ _ _(_)_ __  __ _ \ \ \ \
( ( )\___ | '_ | '_| | '_ \/ _` | \ \ \ \
 \\/  ___)| |_)| | | | | || (_| |  ) ) ) )
  '  |____| .__|_| |_|_| |_\__, | / / / /
 =========|_|==============|___/=/_/_/_/
 :: Spring Boot ::        (v2.1.7.RELEASE)

2020-05-11 14:41:50.051  INFO 3984 --- [    Test worker] c.d.b.s.web.HelloControllerTest          : Starting HelloControllerTest on DESKTOP-USNMDQS with PID 3984 (started by user in C:\Users\user\IdeaProjects\freelec-springboot2-webservice)
2020-05-11 14:41:50.052  INFO 3984 --- [    Test worker] c.d.b.s.web.HelloControllerTest          : No active profile set, falling back to default profiles: default
2020-05-11 14:41:50.740  INFO 3984 --- [    Test worker] o.s.s.concurrent.ThreadPoolTaskExecutor  : Initializing ExecutorService 'applicationTaskExecutor'
2020-05-11 14:41:50.783  INFO 3984 --- [    Test worker] o.s.b.a.w.s.WelcomePageHandlerMapping    : Adding welcome page template: index
2020-05-11 14:41:51.073  INFO 3984 --- [    Test worker] .s.s.UserDetailsServiceAutoConfiguration : 

Using generated security password: 2e23bbb5-ca6f-4aff-903c-5e7f468a0fe0

2020-05-11 14:41:51.245  INFO 3984 --- [    Test worker] o.s.s.web.DefaultSecurityFilterChain     : Creating filter chain: any request, [org.springframework.security.web.context.request.async.WebAsyncManagerIntegrationFilter@4054b4b6, org.springframework.security.web.context.SecurityContextPersistenceFilter@53e61834, org.springframework.security.web.header.HeaderWriterFilter@47d3fff6, org.springframework.security.web.csrf.CsrfFilter@27882772, org.springframework.security.web.authentication.logout.LogoutFilter@9f1e17c, org.springframework.security.web.authentication.UsernamePasswordAuthenticationFilter@5e08475, org.springframework.security.web.authentication.ui.DefaultLoginPageGeneratingFilter@117873e7, org.springframework.security.web.authentication.ui.DefaultLogoutPageGeneratingFilter@6cd2da4a, org.springframework.security.web.authentication.www.BasicAuthenticationFilter@510d69fa, org.springframework.security.web.savedrequest.RequestCacheAwareFilter@5f022832, org.springframework.security.web.servletapi.SecurityContextHolderAwareRequestFilter@7f6406b, org.springframework.security.web.authentication.AnonymousAuthenticationFilter@562a3c93, org.springframework.security.web.session.SessionManagementFilter@2106f3c9, org.springframework.security.web.access.ExceptionTranslationFilter@607d92a8, org.springframework.security.web.access.intercept.FilterSecurityInterceptor@7cba1420]
2020-05-11 14:41:51.294  INFO 3984 --- [    Test worker] o.s.b.t.m.w.SpringBootMockServletContext : Initializing Spring TestDispatcherServlet ''
2020-05-11 14:41:51.294  INFO 3984 --- [    Test worker] o.s.t.web.servlet.TestDispatcherServlet  : Initializing Servlet ''
2020-05-11 14:41:51.312  INFO 3984 --- [    Test worker] o.s.t.web.servlet.TestDispatcherServlet  : Completed initialization in 18 ms
2020-05-11 14:41:51.358  INFO 3984 --- [    Test worker] c.d.b.s.web.HelloControllerTest          : Started HelloControllerTest in 1.359 seconds (JVM running for 12.214)
]]></system-out>
  <system-err><![CDATA[]]></system-err>
</testsuite>
