<?xml version="1.0" encoding="UTF-8"?>
<testsuite name="com.dongoh.book.springboot.web.IndexControllerTest" tests="1" skipped="0" failures="0" errors="0" timestamp="2020-05-11T03:14:07" hostname="DESKTOP-USNMDQS" time="0.553">
  <properties/>
  <testcase name="메인페이지_로딩" classname="com.dongoh.book.springboot.web.IndexControllerTest" time="0.553"/>
  <system-out><![CDATA[2020-05-11 12:14:01.060  INFO 13076 --- [    Test worker] .b.t.c.SpringBootTestContextBootstrapper : Neither @ContextConfiguration nor @ContextHierarchy found for test class [com.dongoh.book.springboot.web.IndexControllerTest], using SpringBootContextLoader
2020-05-11 12:14:01.063  INFO 13076 --- [    Test worker] o.s.t.c.support.AbstractContextLoader    : Could not detect default resource locations for test class [com.dongoh.book.springboot.web.IndexControllerTest]: no resource found for suffixes {-context.xml, Context.groovy}.
2020-05-11 12:14:01.064  INFO 13076 --- [    Test worker] t.c.s.AnnotationConfigContextLoaderUtils : Could not detect default configuration classes for test class [com.dongoh.book.springboot.web.IndexControllerTest]: IndexControllerTest does not declare any static, non-private, non-final, nested classes annotated with @Configuration.
2020-05-11 12:14:01.069  INFO 13076 --- [    Test worker] .b.t.c.SpringBootTestContextBootstrapper : Found @SpringBootConfiguration com.dongoh.book.springboot.Application for test class com.dongoh.book.springboot.web.IndexControllerTest
2020-05-11 12:14:01.073  INFO 13076 --- [    Test worker] .b.t.c.SpringBootTestContextBootstrapper : Loaded default TestExecutionListener class names from location [META-INF/spring.factories]: [org.springframework.security.test.context.support.WithSecurityContextTestExecutionListener, org.springframework.security.test.context.support.ReactorContextTestExecutionListener, org.springframework.boot.test.autoconfigure.restdocs.RestDocsTestExecutionListener, org.springframework.boot.test.autoconfigure.web.client.MockRestServiceServerResetTestExecutionListener, org.springframework.boot.test.autoconfigure.web.servlet.MockMvcPrintOnlyOnFailureTestExecutionListener, org.springframework.boot.test.autoconfigure.web.servlet.WebDriverTestExecutionListener, org.springframework.boot.test.mock.mockito.MockitoTestExecutionListener, org.springframework.boot.test.mock.mockito.ResetMocksTestExecutionListener, org.springframework.test.context.web.ServletTestExecutionListener, org.springframework.test.context.support.DirtiesContextBeforeModesTestExecutionListener, org.springframework.test.context.support.DependencyInjectionTestExecutionListener, org.springframework.test.context.support.DirtiesContextTestExecutionListener, org.springframework.test.context.transaction.TransactionalTestExecutionListener, org.springframework.test.context.jdbc.SqlScriptsTestExecutionListener]
2020-05-11 12:14:01.076  INFO 13076 --- [    Test worker] .b.t.c.SpringBootTestContextBootstrapper : Using TestExecutionListeners: [org.springframework.test.context.web.ServletTestExecutionListener@21432056, org.springframework.test.context.support.DirtiesContextBeforeModesTestExecutionListener@a073350, org.springframework.boot.test.mock.mockito.MockitoTestExecutionListener@4fd6f285, org.springframework.boot.test.autoconfigure.SpringBootDependencyInjectionTestExecutionListener@6a453233, org.springframework.test.context.support.DirtiesContextTestExecutionListener@52bceebd, org.springframework.test.context.transaction.TransactionalTestExecutionListener@6192da09, org.springframework.test.context.jdbc.SqlScriptsTestExecutionListener@19284e64, org.springframework.security.test.context.support.WithSecurityContextTestExecutionListener@5abf23d8, org.springframework.security.test.context.support.ReactorContextTestExecutionListener@6f43f734, org.springframework.boot.test.autoconfigure.restdocs.RestDocsTestExecutionListener@18f63a47, org.springframework.boot.test.autoconfigure.web.client.MockRestServiceServerResetTestExecutionListener@43760c53, org.springframework.boot.test.autoconfigure.web.servlet.MockMvcPrintOnlyOnFailureTestExecutionListener@60f45606, org.springframework.boot.test.autoconfigure.web.servlet.WebDriverTestExecutionListener@10fee77b, org.springframework.boot.test.mock.mockito.ResetMocksTestExecutionListener@3973c321]

  .   ____          _            __ _ _
 /\\ / ___'_ __ _ _(_)_ __  __ _ \ \ \ \
( ( )\___ | '_ | '_| | '_ \/ _` | \ \ \ \
 \\/  ___)| |_)| | | | | || (_| |  ) ) ) )
  '  |____| .__|_| |_|_| |_\__, | / / / /
 =========|_|==============|___/=/_/_/_/
 :: Spring Boot ::        (v2.1.7.RELEASE)

2020-05-11 12:14:01.148  INFO 13076 --- [    Test worker] c.d.b.s.web.IndexControllerTest          : Starting IndexControllerTest on DESKTOP-USNMDQS with PID 13076 (started by user in C:\Users\user\IdeaProjects\freelec-springboot2-webservice)
2020-05-11 12:14:01.149  INFO 13076 --- [    Test worker] c.d.b.s.web.IndexControllerTest          : No active profile set, falling back to default profiles: default
2020-05-11 12:14:01.828  INFO 13076 --- [    Test worker] .s.d.r.c.RepositoryConfigurationDelegate : Bootstrapping Spring Data repositories in DEFAULT mode.
2020-05-11 12:14:01.898  INFO 13076 --- [    Test worker] .s.d.r.c.RepositoryConfigurationDelegate : Finished Spring Data repository scanning in 70ms. Found 2 repository interfaces.
2020-05-11 12:14:02.166  INFO 13076 --- [    Test worker] trationDelegate$BeanPostProcessorChecker : Bean 'org.springframework.transaction.annotation.ProxyTransactionManagementConfiguration' of type [org.springframework.transaction.annotation.ProxyTransactionManagementConfiguration$$EnhancerBySpringCGLIB$$20b3c96d] is not eligible for getting processed by all BeanPostProcessors (for example: not eligible for auto-proxying)
2020-05-11 12:14:02.887  INFO 13076 --- [    Test worker] o.s.b.w.embedded.tomcat.TomcatWebServer  : Tomcat initialized with port(s): 0 (http)
2020-05-11 12:14:02.955  INFO 13076 --- [    Test worker] o.apache.catalina.core.StandardService   : Starting service [Tomcat]
2020-05-11 12:14:02.957  INFO 13076 --- [    Test worker] org.apache.catalina.core.StandardEngine  : Starting Servlet engine: [Apache Tomcat/9.0.22]
2020-05-11 12:14:03.373  INFO 13076 --- [    Test worker] o.a.c.c.C.[Tomcat].[localhost].[/]       : Initializing Spring embedded WebApplicationContext
2020-05-11 12:14:03.374  INFO 13076 --- [    Test worker] o.s.web.context.ContextLoader            : Root WebApplicationContext: initialization completed in 2218 ms
2020-05-11 12:14:03.817  INFO 13076 --- [    Test worker] com.zaxxer.hikari.HikariDataSource       : HikariPool-2 - Starting...
2020-05-11 12:14:03.820  INFO 13076 --- [    Test worker] com.zaxxer.hikari.HikariDataSource       : HikariPool-2 - Start completed.
2020-05-11 12:14:03.910  INFO 13076 --- [    Test worker] o.hibernate.jpa.internal.util.LogHelper  : HHH000204: Processing PersistenceUnitInfo [
	name: default
	...]
2020-05-11 12:14:03.940  INFO 13076 --- [    Test worker] org.hibernate.dialect.Dialect            : HHH000400: Using dialect: org.hibernate.dialect.MySQL5InnoDBDialect
Hibernate: drop table if exists posts
Hibernate: drop table if exists user
Hibernate: create table posts (id bigint not null auto_increment, created_date datetime, modified_date datetime, author varchar(255), content TEXT not null, title varchar(500) not null, primary key (id)) engine=InnoDB
Hibernate: create table user (id bigint not null auto_increment, created_date datetime, modified_date datetime, email varchar(255) not null, name varchar(255) not null, picture varchar(255), role varchar(255) not null, primary key (id)) engine=InnoDB
2020-05-11 12:14:04.077  INFO 13076 --- [    Test worker] o.h.t.schema.internal.SchemaCreatorImpl  : HHH000476: Executing import script 'org.hibernate.tool.schema.internal.exec.ScriptSourceInputNonExistentImpl@7e3fc633'
2020-05-11 12:14:04.078  INFO 13076 --- [    Test worker] j.LocalContainerEntityManagerFactoryBean : Initialized JPA EntityManagerFactory for persistence unit 'default'
2020-05-11 12:14:04.905  INFO 13076 --- [    Test worker] o.h.h.i.QueryTranslatorFactoryInitiator  : HHH000397: Using ASTQueryTranslatorFactory
2020-05-11 12:14:05.394  INFO 13076 --- [    Test worker] o.s.s.web.DefaultSecurityFilterChain     : Creating filter chain: any request, [org.springframework.security.web.context.request.async.WebAsyncManagerIntegrationFilter@a54d5a1, org.springframework.security.web.context.SecurityContextPersistenceFilter@3ca58d63, org.springframework.security.web.header.HeaderWriterFilter@2cb25377, org.springframework.security.web.authentication.logout.LogoutFilter@4a6ab8c1, org.springframework.security.oauth2.client.web.OAuth2AuthorizationRequestRedirectFilter@365166ee, org.springframework.security.oauth2.client.web.OAuth2LoginAuthenticationFilter@79563ff1, org.springframework.security.web.authentication.ui.DefaultLoginPageGeneratingFilter@5a34f871, org.springframework.security.web.authentication.ui.DefaultLogoutPageGeneratingFilter@2a51f968, org.springframework.security.web.savedrequest.RequestCacheAwareFilter@5aa18752, org.springframework.security.web.servletapi.SecurityContextHolderAwareRequestFilter@64364e9a, org.springframework.security.web.authentication.AnonymousAuthenticationFilter@170a9cda, org.springframework.security.web.session.SessionManagementFilter@644b4efb, org.springframework.security.web.access.ExceptionTranslationFilter@27982f5a, org.springframework.security.web.access.intercept.FilterSecurityInterceptor@2e21c09b]
2020-05-11 12:14:06.065  INFO 13076 --- [    Test worker] o.s.s.concurrent.ThreadPoolTaskExecutor  : Initializing ExecutorService 'applicationTaskExecutor'
2020-05-11 12:14:06.147  WARN 13076 --- [    Test worker] aWebConfiguration$JpaWebMvcConfiguration : spring.jpa.open-in-view is enabled by default. Therefore, database queries may be performed during view rendering. Explicitly configure spring.jpa.open-in-view to disable this warning
2020-05-11 12:14:06.268  INFO 13076 --- [    Test worker] o.s.b.a.w.s.WelcomePageHandlerMapping    : Adding welcome page template: index
2020-05-11 12:14:07.591  INFO 13076 --- [    Test worker] s.a.ScheduledAnnotationBeanPostProcessor : No TaskScheduler/ScheduledExecutorService bean found for scheduled processing
2020-05-11 12:14:07.658  INFO 13076 --- [    Test worker] o.s.b.w.embedded.tomcat.TomcatWebServer  : Tomcat started on port(s): 56078 (http) with context path ''
2020-05-11 12:14:07.661  INFO 13076 --- [    Test worker] c.d.b.s.web.IndexControllerTest          : Started IndexControllerTest in 6.58 seconds (JVM running for 29.099)
2020-05-11 12:14:07.938  INFO 13076 --- [o-auto-1-exec-1] o.a.c.c.C.[Tomcat].[localhost].[/]       : Initializing Spring DispatcherServlet 'dispatcherServlet'
2020-05-11 12:14:07.939  INFO 13076 --- [o-auto-1-exec-1] o.s.web.servlet.DispatcherServlet        : Initializing Servlet 'dispatcherServlet'
2020-05-11 12:14:08.000  INFO 13076 --- [o-auto-1-exec-1] o.s.web.servlet.DispatcherServlet        : Completed initialization in 60 ms
Hibernate: select posts0_.id as id1_0_, posts0_.created_date as created_2_0_, posts0_.modified_date as modified3_0_, posts0_.author as author4_0_, posts0_.content as content5_0_, posts0_.title as title6_0_ from posts posts0_ order by posts0_.id DESC
<!DOCTYPE HTML>
<html>
<head>
    <title>스프링부트 웹서비스</title>
    <meta http-equiv="Content-Type" content="text/html; charset=UTF-8" />

    <link rel="stylesheet" href="https://stackpath.bootstrapcdn.com/bootstrap/4.3.1/css/bootstrap.min.css">
</head>
<body>

<div class="col-md-12">
    <div class="row">
        <div class="col-md-6">

                <a href="/oauth2/authorization/google" class="btn btn-success active" role="button">Google Login</a>

                <a href="/oauth2/authorization/naver" class="btn btn-secondary active" role="button">Naver Login</a>
        </div>
    </div>
</div>

<h1>스프링 부트로 시작하는 웹 서비스</h1>

<div class="col-md-12">
    <div class="row">
        <div class="col-md-6">
            <a href="/posts/save" role="button" class="btn btn-primary">글 등록</a>

        </div>
     </div>
</div>
    <br>
    <!--목록 출력 영역-->
    <table class="table table-horizontal table-bordered">
        <thead class="thead-strong">
        <tr>
            <th>게시글 번호</th>
            <th>제목</th>
            <th>내용</th>
            <th>작성자</th>
            <th>최종수정일</th>
        </tr>
        </thead>

        <tbody id="tbody">
                </tbody>
    </table>
</div>


<script src="https://code.jquery.com/jquery-3.3.1.min.js"></script>
<script src="https://stackpath.bootstrapcdn.com/bootstrap/4.3.1/js/bootstrap.min.js"></script>

<!--index.js 추가-->
<script src="/js/app/index.js"></script>
</body>
</html>


]]></system-out>
  <system-err><![CDATA[]]></system-err>
</testsuite>
